[0.794s] DEBUG:colcon:Command line arguments: ['/usr/bin/colcon', 'build']
[0.795s] DEBUG:colcon:Parsed command line arguments: Namespace(log_base=None, log_level=None, verb_name='build', build_base='build', install_base='install', merge_install=False, symlink_install=False, test_result_base=None, continue_on_error=False, executor='parallel', parallel_workers=4, event_handlers=None, ignore_user_meta=False, metas=['./colcon.meta'], base_paths=['.'], packages_ignore=None, packages_ignore_regex=None, paths=None, packages_up_to=None, packages_up_to_regex=None, packages_above=None, packages_above_and_dependencies=None, packages_above_depth=None, packages_select_by_dep=None, packages_skip_by_dep=None, packages_skip_up_to=None, packages_select_build_failed=False, packages_skip_build_finished=False, packages_select_test_failures=False, packages_skip_test_passed=False, packages_select=None, packages_skip=None, packages_select_regex=None, packages_skip_regex=None, packages_start=None, packages_end=None, allow_overriding=[], cmake_args=None, cmake_target=None, cmake_target_skip_unavailable=False, cmake_clean_cache=False, cmake_clean_first=False, cmake_force_configure=False, ament_cmake_args=None, catkin_cmake_args=None, catkin_skip_building_tests=False, verb_parser=<colcon_defaults.argument_parser.defaults.DefaultArgumentsDecorator object at 0xffff8edfc250>, verb_extension=<colcon_core.verb.build.BuildVerb object at 0xffff8ef1d5a0>, main=<bound method BuildVerb.main of <colcon_core.verb.build.BuildVerb object at 0xffff8ef1d5a0>>)
[2.311s] Level 1:colcon.colcon_core.package_discovery:discover_packages(colcon_meta) check parameters
[2.312s] Level 1:colcon.colcon_core.package_discovery:discover_packages(recursive) check parameters
[2.313s] Level 1:colcon.colcon_core.package_discovery:discover_packages(ignore) check parameters
[2.313s] Level 1:colcon.colcon_core.package_discovery:discover_packages(path) check parameters
[2.313s] Level 1:colcon.colcon_core.package_discovery:discover_packages(colcon_meta) discover
[2.314s] Level 1:colcon.colcon_core.package_discovery:discover_packages(recursive) discover
[2.314s] INFO:colcon.colcon_core.package_discovery:Crawling recursively for packages in '/home/ubuntu/ros2_ws'
[2.315s] Level 1:colcon.colcon_core.package_identification:_identify(.) by extensions ['ignore', 'ignore_ament_install']
[2.315s] Level 1:colcon.colcon_core.package_identification:_identify(.) by extension 'ignore'
[2.316s] Level 1:colcon.colcon_core.package_identification:_identify(.) by extension 'ignore_ament_install'
[2.316s] Level 1:colcon.colcon_core.package_identification:_identify(.) by extensions ['colcon_pkg']
[2.317s] Level 1:colcon.colcon_core.package_identification:_identify(.) by extension 'colcon_pkg'
[2.317s] Level 1:colcon.colcon_core.package_identification:_identify(.) by extensions ['colcon_meta']
[2.317s] Level 1:colcon.colcon_core.package_identification:_identify(.) by extension 'colcon_meta'
[2.318s] Level 1:colcon.colcon_core.package_identification:_identify(.) by extensions ['ros']
[2.318s] Level 1:colcon.colcon_core.package_identification:_identify(.) by extension 'ros'
[2.389s] Level 1:colcon.colcon_core.package_identification:_identify(.) by extensions ['cmake', 'python']
[2.389s] Level 1:colcon.colcon_core.package_identification:_identify(.) by extension 'cmake'
[2.390s] Level 1:colcon.colcon_core.package_identification:_identify(.) by extension 'python'
[2.390s] Level 1:colcon.colcon_core.package_identification:_identify(.) by extensions ['python_setup_py']
[2.390s] Level 1:colcon.colcon_core.package_identification:_identify(.) by extension 'python_setup_py'
[2.391s] Level 1:colcon.colcon_core.package_identification:_identify(build) by extensions ['ignore', 'ignore_ament_install']
[2.392s] Level 1:colcon.colcon_core.package_identification:_identify(build) by extension 'ignore'
[2.392s] Level 1:colcon.colcon_core.package_identification:_identify(build) ignored
[2.393s] Level 1:colcon.colcon_core.package_identification:_identify(install) by extensions ['ignore', 'ignore_ament_install']
[2.394s] Level 1:colcon.colcon_core.package_identification:_identify(install) by extension 'ignore'
[2.394s] Level 1:colcon.colcon_core.package_identification:_identify(install) ignored
[2.396s] Level 1:colcon.colcon_core.package_identification:_identify(log) by extensions ['ignore', 'ignore_ament_install']
[2.396s] Level 1:colcon.colcon_core.package_identification:_identify(log) by extension 'ignore'
[2.397s] Level 1:colcon.colcon_core.package_identification:_identify(log) ignored
[2.397s] Level 1:colcon.colcon_core.package_identification:_identify(src) by extensions ['ignore', 'ignore_ament_install']
[2.398s] Level 1:colcon.colcon_core.package_identification:_identify(src) by extension 'ignore'
[2.399s] Level 1:colcon.colcon_core.package_identification:_identify(src) by extension 'ignore_ament_install'
[2.399s] Level 1:colcon.colcon_core.package_identification:_identify(src) by extensions ['colcon_pkg']
[2.399s] Level 1:colcon.colcon_core.package_identification:_identify(src) by extension 'colcon_pkg'
[2.400s] Level 1:colcon.colcon_core.package_identification:_identify(src) by extensions ['colcon_meta']
[2.400s] Level 1:colcon.colcon_core.package_identification:_identify(src) by extension 'colcon_meta'
[2.401s] Level 1:colcon.colcon_core.package_identification:_identify(src) by extensions ['ros']
[2.401s] Level 1:colcon.colcon_core.package_identification:_identify(src) by extension 'ros'
[2.401s] Level 1:colcon.colcon_core.package_identification:_identify(src) by extensions ['cmake', 'python']
[2.402s] Level 1:colcon.colcon_core.package_identification:_identify(src) by extension 'cmake'
[2.403s] Level 1:colcon.colcon_core.package_identification:_identify(src) by extension 'python'
[2.403s] Level 1:colcon.colcon_core.package_identification:_identify(src) by extensions ['python_setup_py']
[2.403s] Level 1:colcon.colcon_core.package_identification:_identify(src) by extension 'python_setup_py'
[2.405s] Level 1:colcon.colcon_core.package_identification:_identify(src/ros2_latency_test) by extensions ['ignore', 'ignore_ament_install']
[2.406s] Level 1:colcon.colcon_core.package_identification:_identify(src/ros2_latency_test) by extension 'ignore'
[2.406s] Level 1:colcon.colcon_core.package_identification:_identify(src/ros2_latency_test) by extension 'ignore_ament_install'
[2.407s] Level 1:colcon.colcon_core.package_identification:_identify(src/ros2_latency_test) by extensions ['colcon_pkg']
[2.407s] Level 1:colcon.colcon_core.package_identification:_identify(src/ros2_latency_test) by extension 'colcon_pkg'
[2.407s] Level 1:colcon.colcon_core.package_identification:_identify(src/ros2_latency_test) by extensions ['colcon_meta']
[2.408s] Level 1:colcon.colcon_core.package_identification:_identify(src/ros2_latency_test) by extension 'colcon_meta'
[2.408s] Level 1:colcon.colcon_core.package_identification:_identify(src/ros2_latency_test) by extensions ['ros']
[2.408s] Level 1:colcon.colcon_core.package_identification:_identify(src/ros2_latency_test) by extension 'ros'
[2.422s] DEBUG:colcon.colcon_core.package_identification:Package 'src/ros2_latency_test' with type 'ros.ament_python' and name 'ros2_latency_test'
[2.422s] Level 1:colcon.colcon_core.package_discovery:discover_packages(recursive) using defaults
[2.422s] Level 1:colcon.colcon_core.package_discovery:discover_packages(ignore) discover
[2.423s] Level 1:colcon.colcon_core.package_discovery:discover_packages(ignore) using defaults
[2.423s] Level 1:colcon.colcon_core.package_discovery:discover_packages(path) discover
[2.423s] Level 1:colcon.colcon_core.package_discovery:discover_packages(path) using defaults
[2.541s] Level 1:colcon.colcon_core.package_discovery:discover_packages(prefix_path) check parameters
[2.541s] Level 1:colcon.colcon_core.package_discovery:discover_packages(prefix_path) discover
[2.556s] DEBUG:colcon.colcon_installed_package_information.package_discovery:Found 1 installed packages in /home/ubuntu/ros2_ws/install
[2.567s] DEBUG:colcon.colcon_installed_package_information.package_discovery:Found 270 installed packages in /opt/ros/humble
[2.636s] Level 1:colcon.colcon_core.package_discovery:discover_packages(prefix_path) using defaults
[2.919s] Level 5:colcon.colcon_core.verb:set package 'ros2_latency_test' build argument 'cmake_args' from command line to 'None'
[2.919s] Level 5:colcon.colcon_core.verb:set package 'ros2_latency_test' build argument 'cmake_target' from command line to 'None'
[2.919s] Level 5:colcon.colcon_core.verb:set package 'ros2_latency_test' build argument 'cmake_target_skip_unavailable' from command line to 'False'
[2.919s] Level 5:colcon.colcon_core.verb:set package 'ros2_latency_test' build argument 'cmake_clean_cache' from command line to 'False'
[2.920s] Level 5:colcon.colcon_core.verb:set package 'ros2_latency_test' build argument 'cmake_clean_first' from command line to 'False'
[2.920s] Level 5:colcon.colcon_core.verb:set package 'ros2_latency_test' build argument 'cmake_force_configure' from command line to 'False'
[2.920s] Level 5:colcon.colcon_core.verb:set package 'ros2_latency_test' build argument 'ament_cmake_args' from command line to 'None'
[2.920s] Level 5:colcon.colcon_core.verb:set package 'ros2_latency_test' build argument 'catkin_cmake_args' from command line to 'None'
[2.920s] Level 5:colcon.colcon_core.verb:set package 'ros2_latency_test' build argument 'catkin_skip_building_tests' from command line to 'False'
[2.920s] DEBUG:colcon.colcon_core.verb:Building package 'ros2_latency_test' with the following arguments: {'ament_cmake_args': None, 'build_base': '/home/ubuntu/ros2_ws/build/ros2_latency_test', 'catkin_cmake_args': None, 'catkin_skip_building_tests': False, 'cmake_args': None, 'cmake_clean_cache': False, 'cmake_clean_first': False, 'cmake_force_configure': False, 'cmake_target': None, 'cmake_target_skip_unavailable': False, 'install_base': '/home/ubuntu/ros2_ws/install/ros2_latency_test', 'merge_install': False, 'path': '/home/ubuntu/ros2_ws/src/ros2_latency_test', 'symlink_install': False, 'test_result_base': None}
[2.921s] INFO:colcon.colcon_core.executor:Executing jobs using 'parallel' executor
[2.931s] DEBUG:colcon.colcon_parallel_executor.executor.parallel:run_until_complete
[2.932s] INFO:colcon.colcon_ros.task.ament_python.build:Building ROS package in '/home/ubuntu/ros2_ws/src/ros2_latency_test' with build type 'ament_python'
[2.933s] Level 1:colcon.colcon_core.shell:create_environment_hook('ros2_latency_test', 'ament_prefix_path')
[2.958s] INFO:colcon.colcon_core.plugin_system:Skipping extension 'colcon_core.shell.bat': Not used on non-Windows systems
[2.960s] INFO:colcon.colcon_core.shell:Creating environment hook '/home/ubuntu/ros2_ws/install/ros2_latency_test/share/ros2_latency_test/hook/ament_prefix_path.ps1'
[2.967s] INFO:colcon.colcon_core.shell:Creating environment descriptor '/home/ubuntu/ros2_ws/install/ros2_latency_test/share/ros2_latency_test/hook/ament_prefix_path.dsv'
[2.974s] INFO:colcon.colcon_core.shell:Creating environment hook '/home/ubuntu/ros2_ws/install/ros2_latency_test/share/ros2_latency_test/hook/ament_prefix_path.sh'
[2.982s] INFO:colcon.colcon_core.shell:Skip shell extension 'powershell' for command environment: Not usable outside of PowerShell
[2.982s] DEBUG:colcon.colcon_core.shell:Skip shell extension 'dsv' for command environment
[5.199s] INFO:colcon.colcon_core.task.python.build:Building Python package in '/home/ubuntu/ros2_ws/src/ros2_latency_test'
[5.201s] INFO:colcon.colcon_core.shell:Skip shell extension 'powershell' for command environment: Not usable outside of PowerShell
[5.201s] DEBUG:colcon.colcon_core.shell:Skip shell extension 'dsv' for command environment
[8.213s] DEBUG:colcon.colcon_core.event_handler.log_command:Invoking command in '/home/ubuntu/ros2_ws/src/ros2_latency_test': PYTHONPATH=/home/ubuntu/ros2_ws/build/ros2_latency_test/prefix_override:/usr/lib/python3/dist-packages/colcon_core/task/python/colcon_distutils_commands:/home/ubuntu/ros2_ws/install/ros2_latency_test/lib/python3.10/site-packages:${PYTHONPATH} /usr/bin/python3 -W ignore:setup.py install is deprecated -W ignore:easy_install command is deprecated setup.py egg_info --egg-base ../../build/ros2_latency_test build --build-base /home/ubuntu/ros2_ws/build/ros2_latency_test/build install --record /home/ubuntu/ros2_ws/build/ros2_latency_test/install.log --single-version-externally-managed install_data
[10.734s] DEBUG:colcon.colcon_core.event_handler.log_command:Invoked command in '/home/ubuntu/ros2_ws/src/ros2_latency_test' returned '0': PYTHONPATH=/home/ubuntu/ros2_ws/build/ros2_latency_test/prefix_override:/usr/lib/python3/dist-packages/colcon_core/task/python/colcon_distutils_commands:/home/ubuntu/ros2_ws/install/ros2_latency_test/lib/python3.10/site-packages:${PYTHONPATH} /usr/bin/python3 -W ignore:setup.py install is deprecated -W ignore:easy_install command is deprecated setup.py egg_info --egg-base ../../build/ros2_latency_test build --build-base /home/ubuntu/ros2_ws/build/ros2_latency_test/build install --record /home/ubuntu/ros2_ws/build/ros2_latency_test/install.log --single-version-externally-managed install_data
[10.742s] Level 1:colcon.colcon_core.environment:checking '/home/ubuntu/ros2_ws/install/ros2_latency_test' for CMake module files
[10.745s] Level 1:colcon.colcon_core.environment:checking '/home/ubuntu/ros2_ws/install/ros2_latency_test' for CMake config files
[10.753s] Level 1:colcon.colcon_core.environment:checking '/home/ubuntu/ros2_ws/install/ros2_latency_test/lib'
[10.756s] Level 1:colcon.colcon_core.environment:checking '/home/ubuntu/ros2_ws/install/ros2_latency_test/bin'
[10.757s] Level 1:colcon.colcon_core.environment:checking '/home/ubuntu/ros2_ws/install/ros2_latency_test/lib/pkgconfig/ros2_latency_test.pc'
[10.759s] Level 1:colcon.colcon_core.environment:checking '/home/ubuntu/ros2_ws/install/ros2_latency_test/lib/python3.10/site-packages'
[10.759s] Level 1:colcon.colcon_core.shell:create_environment_hook('ros2_latency_test', 'pythonpath')
[10.761s] INFO:colcon.colcon_core.shell:Creating environment hook '/home/ubuntu/ros2_ws/install/ros2_latency_test/share/ros2_latency_test/hook/pythonpath.ps1'
[10.764s] INFO:colcon.colcon_core.shell:Creating environment descriptor '/home/ubuntu/ros2_ws/install/ros2_latency_test/share/ros2_latency_test/hook/pythonpath.dsv'
[10.767s] INFO:colcon.colcon_core.shell:Creating environment hook '/home/ubuntu/ros2_ws/install/ros2_latency_test/share/ros2_latency_test/hook/pythonpath.sh'
[10.772s] Level 1:colcon.colcon_core.environment:checking '/home/ubuntu/ros2_ws/install/ros2_latency_test/bin'
[10.772s] Level 1:colcon.colcon_core.environment:create_environment_scripts_only(ros2_latency_test)
[10.774s] INFO:colcon.colcon_core.shell:Creating package script '/home/ubuntu/ros2_ws/install/ros2_latency_test/share/ros2_latency_test/package.ps1'
[10.780s] INFO:colcon.colcon_core.shell:Creating package descriptor '/home/ubuntu/ros2_ws/install/ros2_latency_test/share/ros2_latency_test/package.dsv'
[10.787s] INFO:colcon.colcon_core.shell:Creating package script '/home/ubuntu/ros2_ws/install/ros2_latency_test/share/ros2_latency_test/package.sh'
[10.792s] INFO:colcon.colcon_core.shell:Creating package script '/home/ubuntu/ros2_ws/install/ros2_latency_test/share/ros2_latency_test/package.bash'
[10.798s] INFO:colcon.colcon_core.shell:Creating package script '/home/ubuntu/ros2_ws/install/ros2_latency_test/share/ros2_latency_test/package.zsh'
[10.804s] Level 1:colcon.colcon_core.environment:create_file_with_runtime_dependencies(/home/ubuntu/ros2_ws/install/ros2_latency_test/share/colcon-core/packages/ros2_latency_test)
[10.809s] DEBUG:colcon.colcon_parallel_executor.executor.parallel:closing loop
[10.810s] DEBUG:colcon.colcon_parallel_executor.executor.parallel:loop closed
[10.811s] DEBUG:colcon.colcon_parallel_executor.executor.parallel:run_until_complete finished with '0'
[10.811s] DEBUG:colcon.colcon_core.event_reactor:joining thread
[10.845s] INFO:colcon.colcon_core.plugin_system:Skipping extension 'colcon_notification.desktop_notification.terminal_notifier': Not used on non-Darwin systems
[10.845s] INFO:colcon.colcon_core.plugin_system:Skipping extension 'colcon_notification.desktop_notification.win32': Not used on non-Windows systems
[10.846s] INFO:colcon.colcon_notification.desktop_notification:Sending desktop notification using 'notify2'
[10.954s] DEBUG:colcon.colcon_core.event_reactor:joined thread
[10.955s] INFO:colcon.colcon_core.shell:Creating prefix script '/home/ubuntu/ros2_ws/install/local_setup.ps1'
[10.964s] INFO:colcon.colcon_core.shell:Creating prefix util module '/home/ubuntu/ros2_ws/install/_local_setup_util_ps1.py'
[10.977s] INFO:colcon.colcon_core.shell:Creating prefix chain script '/home/ubuntu/ros2_ws/install/setup.ps1'
[10.987s] INFO:colcon.colcon_core.shell:Creating prefix script '/home/ubuntu/ros2_ws/install/local_setup.sh'
[10.991s] INFO:colcon.colcon_core.shell:Creating prefix util module '/home/ubuntu/ros2_ws/install/_local_setup_util_sh.py'
[10.996s] INFO:colcon.colcon_core.shell:Creating prefix chain script '/home/ubuntu/ros2_ws/install/setup.sh'
[11.014s] INFO:colcon.colcon_core.shell:Creating prefix script '/home/ubuntu/ros2_ws/install/local_setup.bash'
[11.017s] INFO:colcon.colcon_core.shell:Creating prefix chain script '/home/ubuntu/ros2_ws/install/setup.bash'
[11.025s] INFO:colcon.colcon_core.shell:Creating prefix script '/home/ubuntu/ros2_ws/install/local_setup.zsh'
[11.029s] INFO:colcon.colcon_core.shell:Creating prefix chain script '/home/ubuntu/ros2_ws/install/setup.zsh'
