[1.229s] DEBUG:colcon:Command line arguments: ['/usr/bin/colcon', 'build']
[1.230s] DEBUG:colcon:Parsed command line arguments: Namespace(log_base=None, log_level=None, verb_name='build', build_base='build', install_base='install', merge_install=False, symlink_install=False, test_result_base=None, continue_on_error=False, executor='parallel', parallel_workers=4, event_handlers=None, ignore_user_meta=False, metas=['./colcon.meta'], base_paths=['.'], packages_ignore=None, packages_ignore_regex=None, paths=None, packages_up_to=None, packages_up_to_regex=None, packages_above=None, packages_above_and_dependencies=None, packages_above_depth=None, packages_select_by_dep=None, packages_skip_by_dep=None, packages_skip_up_to=None, packages_select_build_failed=False, packages_skip_build_finished=False, packages_select_test_failures=False, packages_skip_test_passed=False, packages_select=None, packages_skip=None, packages_select_regex=None, packages_skip_regex=None, packages_start=None, packages_end=None, allow_overriding=[], cmake_args=None, cmake_target=None, cmake_target_skip_unavailable=False, cmake_clean_cache=False, cmake_clean_first=False, cmake_force_configure=False, ament_cmake_args=None, catkin_cmake_args=None, catkin_skip_building_tests=False, verb_parser=<colcon_defaults.argument_parser.defaults.DefaultArgumentsDecorator object at 0xffff821dc250>, verb_extension=<colcon_core.verb.build.BuildVerb object at 0xffff822fd5a0>, main=<bound method BuildVerb.main of <colcon_core.verb.build.BuildVerb object at 0xffff822fd5a0>>)
[3.330s] Level 1:colcon.colcon_core.package_discovery:discover_packages(colcon_meta) check parameters
[3.331s] Level 1:colcon.colcon_core.package_discovery:discover_packages(recursive) check parameters
[3.331s] Level 1:colcon.colcon_core.package_discovery:discover_packages(ignore) check parameters
[3.331s] Level 1:colcon.colcon_core.package_discovery:discover_packages(path) check parameters
[3.331s] Level 1:colcon.colcon_core.package_discovery:discover_packages(colcon_meta) discover
[3.332s] Level 1:colcon.colcon_core.package_discovery:discover_packages(recursive) discover
[3.332s] INFO:colcon.colcon_core.package_discovery:Crawling recursively for packages in '/home/ubuntu/ros2_ws'
[3.333s] Level 1:colcon.colcon_core.package_identification:_identify(.) by extensions ['ignore', 'ignore_ament_install']
[3.333s] Level 1:colcon.colcon_core.package_identification:_identify(.) by extension 'ignore'
[3.334s] Level 1:colcon.colcon_core.package_identification:_identify(.) by extension 'ignore_ament_install'
[3.334s] Level 1:colcon.colcon_core.package_identification:_identify(.) by extensions ['colcon_pkg']
[3.335s] Level 1:colcon.colcon_core.package_identification:_identify(.) by extension 'colcon_pkg'
[3.335s] Level 1:colcon.colcon_core.package_identification:_identify(.) by extensions ['colcon_meta']
[3.335s] Level 1:colcon.colcon_core.package_identification:_identify(.) by extension 'colcon_meta'
[3.336s] Level 1:colcon.colcon_core.package_identification:_identify(.) by extensions ['ros']
[3.336s] Level 1:colcon.colcon_core.package_identification:_identify(.) by extension 'ros'
[3.435s] Level 1:colcon.colcon_core.package_identification:_identify(.) by extensions ['cmake', 'python']
[3.435s] Level 1:colcon.colcon_core.package_identification:_identify(.) by extension 'cmake'
[3.435s] Level 1:colcon.colcon_core.package_identification:_identify(.) by extension 'python'
[3.441s] Level 1:colcon.colcon_core.package_identification:_identify(.) by extensions ['python_setup_py']
[3.442s] Level 1:colcon.colcon_core.package_identification:_identify(.) by extension 'python_setup_py'
[3.442s] Level 1:colcon.colcon_core.package_identification:_identify(build) by extensions ['ignore', 'ignore_ament_install']
[3.443s] Level 1:colcon.colcon_core.package_identification:_identify(build) by extension 'ignore'
[3.444s] Level 1:colcon.colcon_core.package_identification:_identify(build) ignored
[3.445s] Level 1:colcon.colcon_core.package_identification:_identify(install) by extensions ['ignore', 'ignore_ament_install']
[3.445s] Level 1:colcon.colcon_core.package_identification:_identify(install) by extension 'ignore'
[3.446s] Level 1:colcon.colcon_core.package_identification:_identify(install) ignored
[3.447s] Level 1:colcon.colcon_core.package_identification:_identify(log) by extensions ['ignore', 'ignore_ament_install']
[3.448s] Level 1:colcon.colcon_core.package_identification:_identify(log) by extension 'ignore'
[3.448s] Level 1:colcon.colcon_core.package_identification:_identify(log) ignored
[3.449s] Level 1:colcon.colcon_core.package_identification:_identify(src) by extensions ['ignore', 'ignore_ament_install']
[3.449s] Level 1:colcon.colcon_core.package_identification:_identify(src) by extension 'ignore'
[3.450s] Level 1:colcon.colcon_core.package_identification:_identify(src) by extension 'ignore_ament_install'
[3.450s] Level 1:colcon.colcon_core.package_identification:_identify(src) by extensions ['colcon_pkg']
[3.451s] Level 1:colcon.colcon_core.package_identification:_identify(src) by extension 'colcon_pkg'
[3.451s] Level 1:colcon.colcon_core.package_identification:_identify(src) by extensions ['colcon_meta']
[3.451s] Level 1:colcon.colcon_core.package_identification:_identify(src) by extension 'colcon_meta'
[3.452s] Level 1:colcon.colcon_core.package_identification:_identify(src) by extensions ['ros']
[3.452s] Level 1:colcon.colcon_core.package_identification:_identify(src) by extension 'ros'
[3.453s] Level 1:colcon.colcon_core.package_identification:_identify(src) by extensions ['cmake', 'python']
[3.453s] Level 1:colcon.colcon_core.package_identification:_identify(src) by extension 'cmake'
[3.453s] Level 1:colcon.colcon_core.package_identification:_identify(src) by extension 'python'
[3.454s] Level 1:colcon.colcon_core.package_identification:_identify(src) by extensions ['python_setup_py']
[3.454s] Level 1:colcon.colcon_core.package_identification:_identify(src) by extension 'python_setup_py'
[3.455s] Level 1:colcon.colcon_core.package_identification:_identify(src/ros2_latency_test) by extensions ['ignore', 'ignore_ament_install']
[3.456s] Level 1:colcon.colcon_core.package_identification:_identify(src/ros2_latency_test) by extension 'ignore'
[3.456s] Level 1:colcon.colcon_core.package_identification:_identify(src/ros2_latency_test) by extension 'ignore_ament_install'
[3.457s] Level 1:colcon.colcon_core.package_identification:_identify(src/ros2_latency_test) by extensions ['colcon_pkg']
[3.457s] Level 1:colcon.colcon_core.package_identification:_identify(src/ros2_latency_test) by extension 'colcon_pkg'
[3.458s] Level 1:colcon.colcon_core.package_identification:_identify(src/ros2_latency_test) by extensions ['colcon_meta']
[3.458s] Level 1:colcon.colcon_core.package_identification:_identify(src/ros2_latency_test) by extension 'colcon_meta'
[3.458s] Level 1:colcon.colcon_core.package_identification:_identify(src/ros2_latency_test) by extensions ['ros']
[3.459s] Level 1:colcon.colcon_core.package_identification:_identify(src/ros2_latency_test) by extension 'ros'
[3.481s] DEBUG:colcon.colcon_core.package_identification:Package 'src/ros2_latency_test' with type 'ros.ament_python' and name 'ros2_latency_test'
[3.482s] Level 1:colcon.colcon_core.package_discovery:discover_packages(recursive) using defaults
[3.482s] Level 1:colcon.colcon_core.package_discovery:discover_packages(ignore) discover
[3.482s] Level 1:colcon.colcon_core.package_discovery:discover_packages(ignore) using defaults
[3.483s] Level 1:colcon.colcon_core.package_discovery:discover_packages(path) discover
[3.483s] Level 1:colcon.colcon_core.package_discovery:discover_packages(path) using defaults
[3.730s] Level 1:colcon.colcon_core.package_discovery:discover_packages(prefix_path) check parameters
[3.731s] Level 1:colcon.colcon_core.package_discovery:discover_packages(prefix_path) discover
[3.761s] DEBUG:colcon.colcon_installed_package_information.package_discovery:Found 1 installed packages in /home/ubuntu/ros2_ws/install
[3.774s] DEBUG:colcon.colcon_installed_package_information.package_discovery:Found 270 installed packages in /opt/ros/humble
[3.874s] Level 1:colcon.colcon_core.package_discovery:discover_packages(prefix_path) using defaults
[4.206s] Level 5:colcon.colcon_core.verb:set package 'ros2_latency_test' build argument 'cmake_args' from command line to 'None'
[4.206s] Level 5:colcon.colcon_core.verb:set package 'ros2_latency_test' build argument 'cmake_target' from command line to 'None'
[4.207s] Level 5:colcon.colcon_core.verb:set package 'ros2_latency_test' build argument 'cmake_target_skip_unavailable' from command line to 'False'
[4.207s] Level 5:colcon.colcon_core.verb:set package 'ros2_latency_test' build argument 'cmake_clean_cache' from command line to 'False'
[4.207s] Level 5:colcon.colcon_core.verb:set package 'ros2_latency_test' build argument 'cmake_clean_first' from command line to 'False'
[4.207s] Level 5:colcon.colcon_core.verb:set package 'ros2_latency_test' build argument 'cmake_force_configure' from command line to 'False'
[4.207s] Level 5:colcon.colcon_core.verb:set package 'ros2_latency_test' build argument 'ament_cmake_args' from command line to 'None'
[4.208s] Level 5:colcon.colcon_core.verb:set package 'ros2_latency_test' build argument 'catkin_cmake_args' from command line to 'None'
[4.208s] Level 5:colcon.colcon_core.verb:set package 'ros2_latency_test' build argument 'catkin_skip_building_tests' from command line to 'False'
[4.208s] DEBUG:colcon.colcon_core.verb:Building package 'ros2_latency_test' with the following arguments: {'ament_cmake_args': None, 'build_base': '/home/ubuntu/ros2_ws/build/ros2_latency_test', 'catkin_cmake_args': None, 'catkin_skip_building_tests': False, 'cmake_args': None, 'cmake_clean_cache': False, 'cmake_clean_first': False, 'cmake_force_configure': False, 'cmake_target': None, 'cmake_target_skip_unavailable': False, 'install_base': '/home/ubuntu/ros2_ws/install/ros2_latency_test', 'merge_install': False, 'path': '/home/ubuntu/ros2_ws/src/ros2_latency_test', 'symlink_install': False, 'test_result_base': None}
[4.209s] INFO:colcon.colcon_core.executor:Executing jobs using 'parallel' executor
[4.214s] DEBUG:colcon.colcon_parallel_executor.executor.parallel:run_until_complete
[4.216s] INFO:colcon.colcon_ros.task.ament_python.build:Building ROS package in '/home/ubuntu/ros2_ws/src/ros2_latency_test' with build type 'ament_python'
[4.217s] Level 1:colcon.colcon_core.shell:create_environment_hook('ros2_latency_test', 'ament_prefix_path')
[4.258s] INFO:colcon.colcon_core.plugin_system:Skipping extension 'colcon_core.shell.bat': Not used on non-Windows systems
[4.260s] INFO:colcon.colcon_core.shell:Creating environment hook '/home/ubuntu/ros2_ws/install/ros2_latency_test/share/ros2_latency_test/hook/ament_prefix_path.ps1'
[4.267s] INFO:colcon.colcon_core.shell:Creating environment descriptor '/home/ubuntu/ros2_ws/install/ros2_latency_test/share/ros2_latency_test/hook/ament_prefix_path.dsv'
[4.274s] INFO:colcon.colcon_core.shell:Creating environment hook '/home/ubuntu/ros2_ws/install/ros2_latency_test/share/ros2_latency_test/hook/ament_prefix_path.sh'
[4.283s] INFO:colcon.colcon_core.shell:Skip shell extension 'powershell' for command environment: Not usable outside of PowerShell
[4.284s] DEBUG:colcon.colcon_core.shell:Skip shell extension 'dsv' for command environment
[6.548s] INFO:colcon.colcon_core.task.python.build:Building Python package in '/home/ubuntu/ros2_ws/src/ros2_latency_test'
[6.550s] INFO:colcon.colcon_core.shell:Skip shell extension 'powershell' for command environment: Not usable outside of PowerShell
[6.551s] DEBUG:colcon.colcon_core.shell:Skip shell extension 'dsv' for command environment
[9.886s] DEBUG:colcon.colcon_core.event_handler.log_command:Invoking command in '/home/ubuntu/ros2_ws/src/ros2_latency_test': PYTHONPATH=/home/ubuntu/ros2_ws/build/ros2_latency_test/prefix_override:/usr/lib/python3/dist-packages/colcon_core/task/python/colcon_distutils_commands:/home/ubuntu/ros2_ws/install/ros2_latency_test/lib/python3.10/site-packages:${PYTHONPATH} /usr/bin/python3 -W ignore:setup.py install is deprecated -W ignore:easy_install command is deprecated setup.py egg_info --egg-base ../../build/ros2_latency_test build --build-base /home/ubuntu/ros2_ws/build/ros2_latency_test/build install --record /home/ubuntu/ros2_ws/build/ros2_latency_test/install.log --single-version-externally-managed install_data
[11.722s] DEBUG:colcon.colcon_core.event_handler.log_command:Invoked command in '/home/ubuntu/ros2_ws/src/ros2_latency_test' returned '0': PYTHONPATH=/home/ubuntu/ros2_ws/build/ros2_latency_test/prefix_override:/usr/lib/python3/dist-packages/colcon_core/task/python/colcon_distutils_commands:/home/ubuntu/ros2_ws/install/ros2_latency_test/lib/python3.10/site-packages:${PYTHONPATH} /usr/bin/python3 -W ignore:setup.py install is deprecated -W ignore:easy_install command is deprecated setup.py egg_info --egg-base ../../build/ros2_latency_test build --build-base /home/ubuntu/ros2_ws/build/ros2_latency_test/build install --record /home/ubuntu/ros2_ws/build/ros2_latency_test/install.log --single-version-externally-managed install_data
[11.808s] Level 1:colcon.colcon_core.environment:checking '/home/ubuntu/ros2_ws/install/ros2_latency_test' for CMake module files
[11.811s] Level 1:colcon.colcon_core.environment:checking '/home/ubuntu/ros2_ws/install/ros2_latency_test' for CMake config files
[11.815s] Level 1:colcon.colcon_core.environment:checking '/home/ubuntu/ros2_ws/install/ros2_latency_test/lib'
[11.816s] Level 1:colcon.colcon_core.environment:checking '/home/ubuntu/ros2_ws/install/ros2_latency_test/bin'
[11.816s] Level 1:colcon.colcon_core.environment:checking '/home/ubuntu/ros2_ws/install/ros2_latency_test/lib/pkgconfig/ros2_latency_test.pc'
[11.817s] Level 1:colcon.colcon_core.environment:checking '/home/ubuntu/ros2_ws/install/ros2_latency_test/lib/python3.10/site-packages'
[11.818s] Level 1:colcon.colcon_core.shell:create_environment_hook('ros2_latency_test', 'pythonpath')
[11.819s] INFO:colcon.colcon_core.shell:Creating environment hook '/home/ubuntu/ros2_ws/install/ros2_latency_test/share/ros2_latency_test/hook/pythonpath.ps1'
[11.821s] INFO:colcon.colcon_core.shell:Creating environment descriptor '/home/ubuntu/ros2_ws/install/ros2_latency_test/share/ros2_latency_test/hook/pythonpath.dsv'
[11.824s] INFO:colcon.colcon_core.shell:Creating environment hook '/home/ubuntu/ros2_ws/install/ros2_latency_test/share/ros2_latency_test/hook/pythonpath.sh'
[11.827s] Level 1:colcon.colcon_core.environment:checking '/home/ubuntu/ros2_ws/install/ros2_latency_test/bin'
[11.827s] Level 1:colcon.colcon_core.environment:create_environment_scripts_only(ros2_latency_test)
[11.829s] INFO:colcon.colcon_core.shell:Creating package script '/home/ubuntu/ros2_ws/install/ros2_latency_test/share/ros2_latency_test/package.ps1'
[11.834s] INFO:colcon.colcon_core.shell:Creating package descriptor '/home/ubuntu/ros2_ws/install/ros2_latency_test/share/ros2_latency_test/package.dsv'
[11.838s] INFO:colcon.colcon_core.shell:Creating package script '/home/ubuntu/ros2_ws/install/ros2_latency_test/share/ros2_latency_test/package.sh'
[11.843s] INFO:colcon.colcon_core.shell:Creating package script '/home/ubuntu/ros2_ws/install/ros2_latency_test/share/ros2_latency_test/package.bash'
[11.849s] INFO:colcon.colcon_core.shell:Creating package script '/home/ubuntu/ros2_ws/install/ros2_latency_test/share/ros2_latency_test/package.zsh'
[11.854s] Level 1:colcon.colcon_core.environment:create_file_with_runtime_dependencies(/home/ubuntu/ros2_ws/install/ros2_latency_test/share/colcon-core/packages/ros2_latency_test)
[11.856s] DEBUG:colcon.colcon_parallel_executor.executor.parallel:closing loop
[11.857s] DEBUG:colcon.colcon_parallel_executor.executor.parallel:loop closed
[11.858s] DEBUG:colcon.colcon_parallel_executor.executor.parallel:run_until_complete finished with '0'
[11.858s] DEBUG:colcon.colcon_core.event_reactor:joining thread
[11.893s] INFO:colcon.colcon_core.plugin_system:Skipping extension 'colcon_notification.desktop_notification.terminal_notifier': Not used on non-Darwin systems
[11.893s] INFO:colcon.colcon_core.plugin_system:Skipping extension 'colcon_notification.desktop_notification.win32': Not used on non-Windows systems
[11.894s] INFO:colcon.colcon_notification.desktop_notification:Sending desktop notification using 'notify2'
[12.020s] DEBUG:colcon.colcon_core.event_reactor:joined thread
[12.022s] INFO:colcon.colcon_core.shell:Creating prefix script '/home/ubuntu/ros2_ws/install/local_setup.ps1'
[12.031s] INFO:colcon.colcon_core.shell:Creating prefix util module '/home/ubuntu/ros2_ws/install/_local_setup_util_ps1.py'
[12.044s] INFO:colcon.colcon_core.shell:Creating prefix chain script '/home/ubuntu/ros2_ws/install/setup.ps1'
[12.059s] INFO:colcon.colcon_core.shell:Creating prefix script '/home/ubuntu/ros2_ws/install/local_setup.sh'
[12.066s] INFO:colcon.colcon_core.shell:Creating prefix util module '/home/ubuntu/ros2_ws/install/_local_setup_util_sh.py'
[12.071s] INFO:colcon.colcon_core.shell:Creating prefix chain script '/home/ubuntu/ros2_ws/install/setup.sh'
[12.080s] INFO:colcon.colcon_core.shell:Creating prefix script '/home/ubuntu/ros2_ws/install/local_setup.bash'
[12.089s] INFO:colcon.colcon_core.shell:Creating prefix chain script '/home/ubuntu/ros2_ws/install/setup.bash'
[12.098s] INFO:colcon.colcon_core.shell:Creating prefix script '/home/ubuntu/ros2_ws/install/local_setup.zsh'
[12.104s] INFO:colcon.colcon_core.shell:Creating prefix chain script '/home/ubuntu/ros2_ws/install/setup.zsh'
